══════════════════════════════════════════════════════════════════════
 CHRONIQUE — balayage : 5 sims, 250 ans (empires 2→6, cités 5→9 ; sans joueur)
══════════════════════════════════════════════════════════════════════
[scps] géologie...     ok
[scps] architecture... ok
[scps] altération...   ok
[scps] érosion hydro... ok
[scps] érosion...      ok
[scps] côtes fract...  ok
[scps] carte fantôme.. ok
[scps] fantôme négat.. ok
[scps] lissage océan... ok
[scps] continentalité...ok
[scps] climat (vent)... ok
[scps] vallées...      ok
[scps] biomes...       ok
[scps] lacs...         ok (8 visible(s) / 450 alimenté(s))
[scps] reconquête...   (marais 14% bois 36% mangrove 0%) ok
[scps] fertilité...    ok
[scps] territoires...  ok (257 terr.)
[scps] continents...   ok (3 cont.)
[scps] hiérarchie...   ok (95 rég. 58 pays ; par continent : C0=3(46%) C1=6(38%) C2=2(17%))
[scps] flags rendu...  ok
[scps] courants...     (couloirs 40% · vives 50% · mortes 7% · cabotage 1% ; glaciers 7599 cell.) ok
[scps] rades...        ok
[scps] noms prov...    ok
[scps] ressources...   ok
[scps] sites départ... ok (36 estuaires, 21 eau douce, 1 secs ; food≥0.30 : 54/58)
[scps] rivières...     ok (64 riv. ; écartées : 4068 cap · 66 courtes · 0 longues)
[peuples] joueur=Adaptatif ; héritages DÉBRAYÉS de la géo : Ésotérique×9 Métallurgiste×9 Mécaniste×10 Adaptatif×9 Agraire×9 Clanique×12
   mer : volta mesurée région 0 ⇄ 88 — aller 339 j · retour 307 j (asymétrie ×0.91)

── Sim 1 (graine 42) — 2 empires · 5 cités-états · 3 continents · 95 régions ──
              ressources (extraction, 94 rég actives) : Céréales 54(Σ2392) Bétail 21(Σ625) Laine 11(Σ478) Poisson 26(Σ907) Fourrure 3(Σ11) Sel 21(Σ575) Coton 9(Σ323) Bois 57(Σ3636) Fruits 59(Σ2341) Herbes médicinales 41(Σ1332) Cuivre 12(Σ473) Fer 23(Σ677) Charbon 7(Σ135) Salpêtre 5(Σ284) Or 6(Σ118) Perle 1(Σ57) Cristal arcanique 5(Σ148) Fer céleste 11(Σ107) Murex 20(Σ457) Indigo 1(Σ62) Argile 25(Σ130) Pierre 60(Σ1443)
   an  50 :  7 pays | pop    44k | armée    47 | colonisées  31 prov | transf. paix   4 prov | 1er empire  2 rég | prosp  0 stab 55 |  1 révolté(s)
   an  65  ÂGE : Âge des Empires
   an  94  ÂGE : Âge du Commerce Mondial
   an 100 :  6 pays | pop    76k | armée    48 | colonisées  31 prov | transf. paix   9 prov | 1er empire  4 rég | prosp 33 stab 53 |  1 révolté(s)
   an 124  ÂGE : Âge de la Brèche
   an 150 :  6 pays | pop    88k | armée    48 | colonisées  31 prov | transf. paix  12 prov | 1er empire  5 rég | prosp 22 stab 92 |  0 révolté(s)
   an 200 :  6 pays | pop   106k | armée    49 | colonisées  31 prov | transf. paix  12 prov | 1er empire  5 rég | prosp 45 stab 99 |  0 révolté(s)
   BILAN an 250 : 6 pays subsistent (1 absorbés · 0 émergés ; plancher 6) | 3 âge(s) ; 15 guerre(s) au total, pic 2 ; pic de révolte 2 (an 29)
              faustien : entropie monde 50 · conso foreuse 0 · réplicateur 0 · corne 0 · 1 empire(s) au bord de la Brèche | FER prix moy 0.6 / max 0.6 (base 2.4) · armes produites 2
              1er empire « Havre Wyntonor » : 5 régions (5% des terres) | Stabilité 96  Prospérité 100  Légitimité 64  Cohésion 96 — Assise Tyrannique
              empires vivants (2) — métriques 0-100 :
                · Havre Vaeldoris    1 rég · pop     0k · Stab 100 Prosp   6 Légit  11 Cohés  95 Corr   0 · 17 tech
                    classes : J 0.1k (98%) · B 0.0k (1%) · É 0.0k (1%) | or 500 (+0.0/mois, dern. année) · armée 0 (3 rgt)
                    marché : hub non · 3 route(s) · import 0.0 · export 0.0 (+0 or/an) | stocks Σ 60 — Bétail 51 Céréales 2 Sel 2 Outils 2
                · Havre Caelyanyn    1 rég · pop    21k · Stab  98 Prosp 100 Légit  80 Cohés 100 Corr   0 · 28 tech
                    classes : J 21.2k (100%) · B 0.0k (0%) · É 0.1k (0%) | or 99142 (-48.2/mois, dern. année) · armée 8 (8 rgt)
                    marché : hub non · 4 route(s) · import 5.4 · export 6.0 (+146 or/an) | stocks Σ 1590 — Poisson 268 Outils 220 Bois 213 Coton 170
              vivier cités-états : 4 disponibles / 5 au départ (1 absorbées)
              hubs : 0% du commerce mondial passe par les Centres des cités-états (0 / 0)
              population : 143k au total ; par continent : C1 95k C2 44k C0 5k
              diplomatie : 2 pacte(s) d'alliance actif(s)
              satisfaction (pop-pondérée, AVEC distribution) : Laborer 81% · Bourgeois 92% · Élite 82% | commerce inter-pays/an 1051
              classes (E0.7, départ 80/15/5) : Laborer 88% · Bourgeois 5% · Élite 7% | friche (E1bis.10) : 0 rég impayée(s)
              manufactures : 5×Manufacture textile 8×Scierie navale 7×Papeterie 4×Distillerie 6×Brasserie 6×Atelier d'étoffe précieuse 7×Atelier d'outillage 4×Apothicaire 5×Atelier de tunique 7×Charbonnière 3×Alambic 2×Armurerie lourde 1×Atelier d'arc 6×Poterie 6×Atelier de sculpture
              expansion : 31 prov colonisées · 12 prov TRANSFÉRÉES à la paix · armée finale 52
              accession (1er édifice bâti) : 360 j an 2 · 540 j an 151 · 960 j an 186  (-1 = jamais)
              spéculation (E3) : 1 entrepôt(s) · vol 0 (0.0/an) · or net +0 · 0 achat(s)/0 vente(s) | σ prix avant 0.199 (98 ans) → après 0.076 (152 ans)
              lissage CENTRES (même époque, même classe) : σ centres À entrepôt 0.000 vs centres SANS 0.000
              ── par âge (instantané à l'avènement) ──
                an  65 Âge des Empires         | pays  7 · pop    52k · or Σ  159119 · PIB   5909 · tech  39
                       marché : grain 3.79 · étoffe 8.69 · orfèvr. 52.23 · outils 51.81 | or/empire : Havre Vaeldoris 1000(2r) Havre Caelyanyn 31153(1r)
                an  94 Âge du Commerce Mondial | pays  6 · pop    72k · or Σ  339718 · PIB  10973 · tech  54
                       marché : grain 3.93 · étoffe 9.41 · orfèvr. 86.47 · outils 43.55 | or/empire : Havre Vaeldoris 529(2r) Havre Caelyanyn 47238(1r)
                an 124 Âge de la Brèche       | pays  6 · pop    83k · or Σ  453267 · PIB  14671 · tech  81
                       marché : grain 3.27 · étoffe 9.48 · orfèvr. 105.16 · outils 36.85 | or/empire : Havre Vaeldoris 500(1r) Havre Caelyanyn 56874(1r)
              révoltes : 0 en révolution (Légit moy 0.0 · capacité K 0.0 · stab.int SI 0.0) vs 6 stables (Légit 2.8 · K 10.0 · SI 9.9)
              soulèvements : 67 allumés → 0 sécession(s) · 16 coup(s) · 4 concession(s) · 47 écrasé(s) (1896 morts au combat)
              corruption : 0 polity(s) capturée(s) (corr≥30) · la plus pourrie « Havre Dornredor » corr 8 — tenue par les Communautaires
              recherche : 186 nœuds déverrouillés (dont 9 faustiens) · 3 relocalisation(s) pour combler une pénurie (peupler sa province-ressource)
              prévision : 4/6 pays en déficit vivrier STRUCTUREL (ne se nourrit pas à plein → import vital) · 1 sous tension de runway (< 12 ans)
              métabolisation : 0/6 empire(s) creuset (>1% digéré) · moyenne 0.0% · max 0.0% → +0.0% recherche au plus métabolisé
              combos tier-4 : 1 empire(s) tiennent une fusion d'héritages · 11 combo(s) au total
              remise diffusion : 35 tech(s) escomptée(s) (−5%+) · remise max −40%
              leviers : 250 matage(s) · 0 formation(s) · 0 purge(s) (0 morts) | suzeraineté : 2 servage · 4 protectorat · 0 concordat · 0 cité · 2 défection(s) · 0 annexion(s) par digestion
              dette : 0 débiteur(s) (or net < 0) · 0 créancier(s) assigné(s) [scps_credit]
              fronde : 2 ligue(s) · 0 fronde(s) → 0 indépendance(s) · 0 RENVERSEMENT(s) · 0 écrasée(s) | défections 0 paisibles · 0 par reprise | contre-leviers : 0 don · 0 allègement · 0 division · 0 intimidation
              guerres motivées : 23 territoriale(s) · 3 économique(s) · 14 subjugation · 1 religieuse(s) · 0 anti-piraterie
              batailles : 410 livrée(s) · 24 j en moy. · 400 déroute(s) · 11 ralliement(s) · 10 décrochage(s) · 0 renfort(s) · 0 nul(s) | morts : 9900 au CHOC vs 16500 en POURSUITE
              arbre : 44% déverrouillé/empire (min 31% · max 83%) · spécialisation — 0 Savoir · 0 Forge · 6 Société
              syncrétisme : 60 nœud(s) profond(s) (gouvernance) · 37 diffusion(s) (commerce/frontière/foi) · 5/6 archétype(s) · dispersion 5–26/empire · 0 ont la COMBINAISON forge runique × arcane · 0 cristallisation(s) culturelle(s) par contact (S2)
              campagne : 0 région(s) réduite(s) par les armées de terrain · 0 en mouvement (non-invasif)
              mer : 74 coque(s) bâtie(s) · 1898 fournitures navales consommées · 80 traversée(s) (63 j/trav.) · 0 route(s) maritime(s) · 2 colonie(s) outre-mer
              course : 0 raid(s) (0 or pillés) - 0 pirate(s) (0 nid(s) en eaux mortes) - 0 bataille(s) navale(s) - 0 prise(s) - 0 j de blocus - 0 désarmement(s) - 0 guerre(s) anti-piraterie - 0 balafre(s) actives
              marine : 150 marin(s) embarqués - 0 interception(s) - 0 paquet(s) noyés
              commerce asym. : aval 0.00 vs amont 0.00 (ratio 0.0x) - vrac 0.00/0.00 - précieux 0.00/0.00 (aval/amont, 0 remontée(s) de luxe) - 0 route(s) fluviale(s), 0 maritime(s) ouverte(s)
              entrepôts : 8 estuaire(s) en carrefour (≥2 routes)
              continents : C0 4188 or (5k hab) C1 710025 or (95k hab) C2 470546 or (44k hab)
              détroits : 20 goulet(s) émergent(s) · 1 tenu(s) · 0 route(s) maritime(s) taxée(s) · péage CUMULÉ 0 or
              hégémon (A5) : 1er empire 0 rég · Stabilité plancher -1 — CRAQUÉ (sous 50 ou coup/renversement)
              directeur (F) : T fin 0.03 (pic 0.52) · 8 total — top L'Année Sans Été 50% (≤30) · 7 déstab · 1 stab · acharnement 0 (=0)
              amplitude (G2) : pic 0.40 · fin 0.03 (le monde s'est calmé) · trauma 16 j · budget 400 · 5 présage(s) · 6 mémoire(s)
              inflation (C) : IPM final 1.34 — l'or a dilué la monnaie
[scps] géologie...     ok
[scps] architecture... ok
[scps] altération...   ok
[scps] érosion hydro... ok
[scps] érosion...      ok
[scps] côtes fract...  ok
[scps] carte fantôme.. ok
[scps] fantôme négat.. ok
[scps] lissage océan... ok
[scps] continentalité...ok
[scps] climat (vent)... ok
[scps] vallées...      ok
[scps] biomes...       ok
[scps] lacs...         ok (14 visible(s) / 402 alimenté(s))
[scps] reconquête...   (marais 14% bois 40% mangrove 0%) ok
[scps] fertilité...    ok
[scps] territoires...  ok (371 terr.)
[scps] continents...   ok (2 cont.)
[scps] hiérarchie...   ok (146 rég. 89 pays ; par continent : C0=9(59%) C1=6(41%))
[scps] flags rendu...  ok
[scps] courants...     (couloirs 42% · vives 48% · mortes 7% · cabotage 1% ; glaciers 6363 cell.) ok
[scps] rades...        ok
[scps] noms prov...    ok
[scps] ressources...   ok
[scps] sites départ... ok (46 estuaires, 42 eau douce, 1 secs ; food≥0.30 : 84/89)
[scps] rivières...     ok (64 riv. ; écartées : 3454 cap · 46 courtes · 0 longues)
[peuples] joueur=Adaptatif ; héritages DÉBRAYÉS de la géo : Ésotérique×17 Métallurgiste×8 Mécaniste×16 Adaptatif×21 Agraire×15 Clanique×12
   mer : volta mesurée région 4 ⇄ 144 — aller 200 j · retour 276 j (asymétrie ×1.38)

── Sim 2 (graine 143) — 3 empires · 6 cités-états · 2 continents · 146 régions ──
              ressources (extraction, 141 rég actives) : Céréales 69(Σ1960) Bétail 19(Σ324) Laine 21(Σ521) Poisson 26(Σ461) Fourrure 11(Σ133) Sel 17(Σ232) Coton 5(Σ105) Bois 83(Σ3873) Fruits 94(Σ2660) Herbes médicinales 86(Σ1879) Cuivre 36(Σ944) Fer 44(Σ1050) Charbon 11(Σ169) Soufre 2(Σ106) Salpêtre 5(Σ164) Or 10(Σ169) Métaux précieux 1(Σ26) Perle 3(Σ42) Cristal arcanique 11(Σ215) Fer céleste 14(Σ143) Murex 15(Σ163) Argile 37(Σ120) Pierre 96(Σ1974)
   an  20  ÂGE : Âge du Commerce Mondial
   an  50  ÂGE : Âge des Empires
   an  50 : 11 pays | pop    56k | armée    68 | colonisées  79 prov | transf. paix  30 prov | 1er empire 10 rég | prosp 20 stab 35 |  5 révolté(s)
   an 100 : 11 pays | pop   108k | armée    76 | colonisées 106 prov | transf. paix  97 prov | 1er empire 12 rég | prosp 58 stab 62 |  4 révolté(s)
   an 113  ÂGE : Âge de la Raison
   an 142  ÂGE : Âge des Lumières
   an 150 : 11 pays | pop   154k | armée    87 | colonisées 125 prov | transf. paix 164 prov | 1er empire 13 rég | prosp 98 stab 94 |  1 révolté(s)
   an 172  ÂGE : Âge de la Brèche
   an 200 : 11 pays | pop   194k | armée    92 | colonisées 134 prov | transf. paix 224 prov | 1er empire 14 rég | prosp 100 stab 98 |  1 révolté(s)
   an 208  ÂGE : Âge des Soulèvements
   BILAN an 250 : 11 pays subsistent (0 absorbés · 0 émergés ; plancher 10) | 6 âge(s) ; 16 guerre(s) au total, pic 6 ; pic de révolte 6 (an 57)
              faustien : entropie monde 96 · conso foreuse 0 · réplicateur 0 · corne 0 · 0 empire(s) au bord de la Brèche | FER prix moy 1.1 / max 2.6 (base 2.4) · armes produites 104
              §27 FIN : GRAND HIVER (an 180) · épicentre rég 41 · fauteur pays 27 · refroidissement 35%
              1er empire « Couronne Ghonakyn » : 18 régions (12% des terres) | Stabilité 98  Prospérité 100  Légitimité 80  Cohésion 97 — Assise Consentie
              empires vivants (3) — métriques 0-100 :
                · Couronne Ghonakyn  18 rég · pop    69k · Stab  98 Prosp 100 Légit  80 Cohés  97 Corr   0 · 51 tech ★
                    classes : J 56.5k (82%) · B 7.1k (10%) · É 5.6k (8%) | or 513806 (+438.8/mois, dern. année) · armée 12 (51 rgt)
                    marché : hub non · 24 route(s) · import 39.5 · export 92.1 (+547 or/an) | stocks Σ 40253 — Bois 6820 Fruits 6820 Céréales 6226 Pierre 3442
                · Clans Caelor      13 rég · pop    38k · Stab  98 Prosp 100 Légit  70 Cohés  94 Corr   0 · 37 tech
                    classes : J 32.1k (84%) · B 4.1k (11%) · É 2.0k (5%) | or 286107 (+283.1/mois, dern. année) · armée 9 (0 rgt)
                    marché : hub non · 23 route(s) · import 77.9 · export 51.3 (+347 or/an) | stocks Σ 20088 — Céréales 4653 Fruits 4581 Bétail 4120 Bois 2785
                · Ligue Caelielyn    8 rég · pop    41k · Stab  98 Prosp 100 Légit  82 Cohés  97 Corr   0 · 45 tech
                    classes : J 36.4k (89%) · B 1.8k (4%) · É 2.9k (7%) | or 278605 (+197.3/mois, dern. année) · armée 9 (233 rgt)
                    marché : hub non · 18 route(s) · import 42.2 · export 47.5 (+347 or/an) | stocks Σ 12904 — Fruits 2890 Céréales 2774 Bétail 2550 Bois 1133
              vivier cités-états : 6 disponibles / 6 au départ (0 absorbées)
              hubs : 0% du commerce mondial passe par les Centres des cités-états (0 / 0)
              population : 249k au total ; par continent : C0 143k C1 105k
              diplomatie : 2 pacte(s) d'alliance actif(s)
              satisfaction (pop-pondérée, AVEC distribution) : Laborer 82% · Bourgeois 85% · Élite 85% | commerce inter-pays/an 1879
              classes (E0.7, départ 80/15/5) : Laborer 85% · Bourgeois 8% · Élite 7% | friche (E1bis.10) : 2 rég impayée(s)
              manufactures : 16×Manufacture textile 16×Scierie navale 19×Papeterie 9×Distillerie 14×Brasserie 22×Joaillerie 12×Atelier d'étoffe précieuse 3×Atelier de mage 28×Atelier d'outillage 3×Armurerie légère 1×Poudrière 9×Apothicaire 17×Atelier de tunique 16×Charbonnière 2×Alambic 3×Armurerie lourde 5×Atelier d'arc 1×Arquebuserie 35×Poterie 8×Atelier de sculpture
              expansion : 149 prov colonisées · 272 prov TRANSFÉRÉES à la paix · armée finale 98
              accession (1er édifice bâti) : 360 j an 2 · 540 j an -1 · 960 j an -1  (-1 = jamais)
              spéculation (E3) : 0 entrepôt(s) · vol 0 (0.0/an) · or net +0 · 0 achat(s)/0 vente(s) | σ prix avant 0.227 (250 ans) → après 0.000 (0 ans)
              lissage CENTRES (même époque, même classe) : σ centres À entrepôt 0.000 vs centres SANS 0.000
              ── par âge (instantané à l'avènement) ──
                an  20 Âge du Commerce Mondial | pays 11 · pop    38k · or Σ  113986 · PIB   3153 · tech   9
                       marché : grain 1.18 · étoffe 14.35 · orfèvr. 18.77 · outils 26.90 | or/empire : Couronne Ghonakyn 25916(5r) Clans Caelor 31348(4r) Ligue Caelielyn 19140(2r)
                an  50 Âge des Empires         | pays 11 · pop    56k · or Σ  195336 · PIB   5987 · tech  21
                       marché : grain 1.01 · étoffe 14.68 · orfèvr. 48.62 · outils 20.30 | or/empire : Couronne Ghonakyn 41166(10r) Clans Caelor 38964(4r) Ligue Caelielyn 59523(3r)
                an 113 Âge de la Raison        | pays 10 · pop   124k · or Σ  610061 · PIB  18010 · tech 102
                       marché : grain 0.89 · étoffe 18.73 · orfèvr. 60.73 · outils 17.70 | or/empire : Couronne Ghonakyn 143163(12r) Clans Caelor 111468(8r) Ligue Caelielyn 144947(6r)
                an 142 Âge des Lumières       | pays 11 · pop   153k · or Σ  825805 · PIB  24317 · tech 151
                       marché : grain 0.84 · étoffe 20.47 · orfèvr. 65.21 · outils 16.76 | or/empire : Couronne Ghonakyn 227224(12r) Clans Caelor 127558(9r) Ligue Caelielyn 187420(7r)
                an 172 Âge de la Brèche       | pays 11 · pop   181k · or Σ 1043703 · PIB  29306 · tech 194
                       marché : grain 0.81 · étoffe 21.76 · orfèvr. 65.64 · outils 17.52 | or/empire : Couronne Ghonakyn 282096(14r) Clans Caelor 155990(9r) Ligue Caelielyn 226210(8r)
                an 208 Âge des Soulèvements   | pays 11 · pop   205k · or Σ 1228101 · PIB  34590 · tech 247
                       marché : grain 0.80 · étoffe 22.29 · orfèvr. 72.82 · outils 15.24 | or/empire : Couronne Ghonakyn 369038(14r) Clans Caelor 190785(11r) Ligue Caelielyn 226805(8r)
              révoltes : 1 en révolution (Légit moy 6.5 · capacité K 3.0 · stab.int SI 1.0) vs 10 stables (Légit 5.7 · K 9.3 · SI 9.3)
              soulèvements : 66 allumés → 0 sécession(s) · 9 coup(s) · 6 concession(s) · 51 écrasé(s) (2188 morts au combat)
              corruption : 0 polity(s) capturée(s) (corr≥30) · la plus pourrie « Ligue Caelwic » corr 5 — tenue par les Marchands
              recherche : 305 nœuds déverrouillés (dont 22 faustiens) · 80 relocalisation(s) pour combler une pénurie (peupler sa province-ressource)
              prévision : 6/9 pays en déficit vivrier STRUCTUREL (ne se nourrit pas à plein → import vital) · 1 sous tension de runway (< 12 ans)
              métabolisation : 0/9 empire(s) creuset (>1% digéré) · moyenne 0.0% · max 0.0% → +0.0% recherche au plus métabolisé
              combos tier-4 : 9 empire(s) tiennent une fusion d'héritages · 21 combo(s) au total
              remise diffusion : 57 tech(s) escomptée(s) (−5%+) · remise max −40%
              leviers : 215 matage(s) · 0 formation(s) · 0 purge(s) (0 morts) | suzeraineté : 1 servage · 4 protectorat · 0 concordat · 0 cité · 0 défection(s) · 0 annexion(s) par digestion
              dette : 0 débiteur(s) (or net < 0) · 0 créancier(s) assigné(s) [scps_credit]
              fronde : 3 ligue(s) · 1 fronde(s) → 0 indépendance(s) · 0 RENVERSEMENT(s) · 0 écrasée(s) | défections 0 paisibles · 0 par reprise | contre-leviers : 0 don · 0 allègement · 0 division · 7 intimidation
              guerres motivées : 11 territoriale(s) · 2 économique(s) · 1 subjugation · 1 religieuse(s) · 0 anti-piraterie
              batailles : 0 livrée(s) · 0 j en moy. · 0 déroute(s) · 0 ralliement(s) · 0 décrochage(s) · 0 renfort(s) · 0 nul(s) | morts : 0 au CHOC vs 0 en POURSUITE
              arbre : 53% déverrouillé/empire (min 32% · max 77%) · spécialisation — 0 Savoir · 3 Forge · 6 Société
              syncrétisme : 131 nœud(s) profond(s) (gouvernance) · 69 diffusion(s) (commerce/frontière/foi) · 6/6 archétype(s) · dispersion 7–25/empire · 9 ont la COMBINAISON forge runique × arcane · 7 cristallisation(s) culturelle(s) par contact (S2)
              campagne : 13 région(s) réduite(s) par les armées de terrain · 0 en mouvement (non-invasif)
              mer : 3 coque(s) bâtie(s) · 650 fournitures navales consommées · 5 traversée(s) (73 j/trav.) · 0 route(s) maritime(s) · 0 colonie(s) outre-mer
              course : 0 raid(s) (0 or pillés) - 0 pirate(s) (0 nid(s) en eaux mortes) - 0 bataille(s) navale(s) - 0 prise(s) - 0 j de blocus - 0 désarmement(s) - 0 guerre(s) anti-piraterie - 0 balafre(s) actives
              marine : 150 marin(s) embarqués - 0 interception(s) - 0 paquet(s) noyés
              commerce asym. : aval 0.00 vs amont 0.00 (ratio 0.0x) - vrac 0.00/0.00 - précieux 0.00/0.00 (aval/amont, 0 remontée(s) de luxe) - 1 route(s) fluviale(s), 0 maritime(s) ouverte(s)
              entrepôts : 20 estuaire(s) en carrefour (≥2 routes)
              continents : C0 1006589 or (143k hab) C1 699071 or (105k hab)
              détroits : 21 goulet(s) émergent(s) · 8 tenu(s) · 0 route(s) maritime(s) taxée(s) · péage CUMULÉ 0 or
              hégémon (A5) : 1er empire 19 rég · Stabilité plancher 7 — CRAQUÉ (sous 50 ou coup/renversement)
              directeur (F) : T fin 0.39 (pic 0.60) · 44 total — top La Réformatrice 13% (≤30) · 20 déstab · 24 stab · acharnement 0 (=0)
              amplitude (G2) : pic 0.47 · fin 0.37 · trauma 292 j · budget 400 · 24 présage(s) · 0 mémoire(s)
              inflation (C) : IPM final 1.34 — l'or a dilué la monnaie
[scps] géologie...     ok
[scps] architecture... ok
[scps] altération...   ok
[scps] érosion hydro... ok
[scps] érosion...      ok
[scps] côtes fract...  ok
[scps] carte fantôme.. ok
[scps] fantôme négat.. ok
[scps] lissage océan... ok
[scps] continentalité...ok
[scps] climat (vent)... ok
[scps] vallées...      ok
[scps] biomes...       ok
[scps] lacs...         ok (14 visible(s) / 490 alimenté(s))
[scps] reconquête...   (marais 14% bois 35% mangrove 0%) ok
[scps] fertilité...    ok
[scps] territoires...  ok (454 terr.)
[scps] continents...   ok (2 cont.)
[scps] hiérarchie...   ok (180 rég. 109 pays ; par continent : C0=10(59%) C1=9(41%))
[scps] flags rendu...  ok
[scps] courants...     (couloirs 40% · vives 51% · mortes 6% · cabotage 1% ; glaciers 6132 cell.) ok
[scps] rades...        ok
[scps] noms prov...    ok
[scps] ressources...   ok
[scps] sites départ... ok (49 estuaires, 59 eau douce, 1 secs ; food≥0.30 : 102/109)
[scps] rivières...     ok (64 riv. ; écartées : 3455 cap · 46 courtes · 0 longues)
[peuples] joueur=Adaptatif ; héritages DÉBRAYÉS de la géo : Ésotérique×20 Métallurgiste×18 Mécaniste×19 Adaptatif×12 Agraire×17 Clanique×23
   mer : volta mesurée région 0 ⇄ 176 — aller 120 j · retour 133 j (asymétrie ×1.11)

── Sim 3 (graine 244) — 4 empires · 7 cités-états · 2 continents · 180 régions ──
              ressources (extraction, 166 rég actives) : Céréales 79(Σ1856) Bétail 34(Σ603) Laine 28(Σ498) Poisson 43(Σ770) Fourrure 12(Σ172) Sel 23(Σ233) Coton 7(Σ156) Bois 93(Σ3285) Fruits 103(Σ2311) Herbes médicinales 99(Σ1917) Cuivre 42(Σ900) Fer 45(Σ1016) Charbon 11(Σ132) Soufre 1(Σ58) Salpêtre 6(Σ117) Or 8(Σ103) Perle 7(Σ79) Cristal arcanique 7(Σ38) Fer céleste 17(Σ188) Murex 22(Σ435) Indigo 1(Σ31) Argile 45(Σ158) Pierre 106(Σ1850)
   an  20  ÂGE : Âge du Commerce Mondial
   an  50  ÂGE : Âge des Empires
   an  50 : 14 pays | pop    58k | armée    87 | colonisées  71 prov | transf. paix 104 prov | 1er empire  5 rég | prosp 36 stab 49 |  5 révolté(s)
   an 100 : 13 pays | pop    82k | armée    93 | colonisées  77 prov | transf. paix 184 prov | 1er empire  7 rég | prosp 61 stab 69 |  1 révolté(s)
   an 138  ÂGE : Âge de la Raison
   an 150 : 13 pays | pop   126k | armée   101 | colonisées  85 prov | transf. paix 258 prov | 1er empire  8 rég | prosp 89 stab 95 |  1 révolté(s)
   an 195  ÂGE : Âge de la Brèche
   an 200 : 10 pays | pop   173k | armée    99 | colonisées  96 prov | transf. paix 343 prov | 1er empire 14 rég | prosp 94 stab 97 |  2 révolté(s)
   an 224  ÂGE : Âge des Lumières
   BILAN an 250 : 9 pays subsistent (5 absorbés · 0 émergés ; plancher 9) | 5 âge(s) ; 40 guerre(s) au total, pic 4 ; pic de révolte 7 (an 40)
              faustien : entropie monde 73 · conso foreuse 0 · réplicateur 0 · corne 0 · 0 empire(s) au bord de la Brèche | FER prix moy 1.0 / max 1.5 (base 2.4) · armes produites 45
              §27 FIN : GRAND HIVER (an 218) · épicentre rég 65 · fauteur pays 23 · refroidissement 16%
              1er empire « Havre Cogexel » : 14 régions (7% des terres) | Stabilité 98  Prospérité 100  Légitimité 71  Cohésion 97 — Assise Consentie
              empires vivants (1) — métriques 0-100 :
                · Havre Cogexel     14 rég · pop    47k · Stab  98 Prosp 100 Légit  71 Cohés  97 Corr   0 · 38 tech ★
                    classes : J 41.8k (89%) · B 2.7k (6%) · É 2.6k (6%) | or 401297 (+76.7/mois, dern. année) · armée 11 (24 rgt)
                    marché : hub non · 30 route(s) · import 31.0 · export 96.0 (+923 or/an) | stocks Σ 23972 — Fruits 5100 Céréales 4936 Poisson 4903 Bois 4598
              vivier cités-états : 7 disponibles / 7 au départ (0 absorbées)
              hubs : 0% du commerce mondial passe par les Centres des cités-états (0 / 0)
              population : 222k au total ; par continent : C0 135k C1 87k
              diplomatie : 2 pacte(s) d'alliance actif(s)
              satisfaction (pop-pondérée, AVEC distribution) : Laborer 79% · Bourgeois 81% · Élite 77% | commerce inter-pays/an 2600
              classes (E0.7, départ 80/15/5) : Laborer 92% · Bourgeois 4% · Élite 4% | friche (E1bis.10) : 1 rég impayée(s)
              manufactures : 8×Manufacture textile 16×Scierie navale 19×Papeterie 8×Distillerie 14×Brasserie 4×Joaillerie 2×Atelier d'étoffe précieuse 2×Forge céleste 15×Atelier d'outillage 1×Armurerie légère 1×Poudrière 14×Apothicaire 27×Atelier de tunique 14×Charbonnière 3×Alambic 4×Atelier d'arc 1×Arquebuserie 20×Poterie 11×Atelier de sculpture
              expansion : 103 prov colonisées · 419 prov TRANSFÉRÉES à la paix · armée finale 98
              accession (1er édifice bâti) : 360 j an 2 · 540 j an -1 · 960 j an -1  (-1 = jamais)
              spéculation (E3) : 0 entrepôt(s) · vol 0 (0.0/an) · or net +0 · 0 achat(s)/0 vente(s) | σ prix avant 0.251 (250 ans) → après 0.000 (0 ans)
              lissage CENTRES (même époque, même classe) : σ centres À entrepôt 0.000 vs centres SANS 0.000
              ── par âge (instantané à l'avènement) ──
                an  20 Âge du Commerce Mondial | pays 14 · pop    48k · or Σ  146164 · PIB   4197 · tech  11
                       marché : grain 2.05 · étoffe 17.58 · orfèvr. 57.97 · outils 42.17 | or/empire : Havre Cogexel 32254(4r) Clans Aldyana 25770(2r) Havre Piplingor 19758(1r)
                an  50 Âge des Empires         | pays 14 · pop    58k · or Σ  259910 · PIB   6219 · tech  37
                       marché : grain 2.20 · étoffe 13.59 · orfèvr. 66.00 · outils 39.34 | or/empire : Havre Cogexel 55056(5r) Clans Aldyana 43203(3r) Havre Piplingor 38884(1r)
                an 138 Âge de la Raison        | pays 13 · pop   122k · or Σ  667555 · PIB  18952 · tech 137
                       marché : grain 2.11 · étoffe 23.05 · orfèvr. 103.79 · outils 40.93 | or/empire : Havre Cogexel 158140(8r) Clans Aldyana 117893(4r) Havre Piplingor 87328(1r)
                an 195 Âge de la Brèche       | pays 13 · pop   168k · or Σ 1179097 · PIB  31665 · tech 209
                       marché : grain 2.32 · étoffe 23.06 · orfèvr. 112.28 · outils 33.46 | or/empire : Havre Cogexel 271327(13r) Clans Aldyana 2652(2r) Havre Piplingor 137120(1r)
                an 224 Âge des Lumières       | pays 10 · pop   198k · or Σ 1477876 · PIB  40415 · tech 250
                       marché : grain 1.82 · étoffe 20.89 · orfèvr. 128.75 · outils 27.96 | or/empire : Havre Cogexel 342244(12r) Havre Brenredka 215878(2r) Havre Piplingor 169213(1r)
              révoltes : 1 en révolution (Légit moy 6.3 · capacité K 3.0 · stab.int SI 2.1) vs 8 stables (Légit 2.7 · K 8.5 · SI 9.7)
              soulèvements : 69 allumés → 0 sécession(s) · 2 coup(s) · 6 concession(s) · 60 écrasé(s) (2735 morts au combat)
              corruption : 0 polity(s) capturée(s) (corr≥30) · la plus pourrie « Clans Brebyis » corr 5 — tenue par les Conquérants
              recherche : 282 nœuds déverrouillés (dont 13 faustiens) · 26 relocalisation(s) pour combler une pénurie (peupler sa province-ressource)
              prévision : 2/8 pays en déficit vivrier STRUCTUREL (ne se nourrit pas à plein → import vital) · 0 sous tension de runway (< 12 ans)
              métabolisation : 0/8 empire(s) creuset (>1% digéré) · moyenne 0.0% · max 0.0% → +0.0% recherche au plus métabolisé
              combos tier-4 : 6 empire(s) tiennent une fusion d'héritages · 7 combo(s) au total
              remise diffusion : 0 tech(s) escomptée(s) (−5%+) · remise max −0%
              leviers : 383 matage(s) · 0 formation(s) · 0 purge(s) (0 morts) | suzeraineté : 2 servage · 13 protectorat · 1 concordat · 0 cité · 5 défection(s) · 1 annexion(s) par digestion
              dette : 1 débiteur(s) (or net < 0) · 0 créancier(s) assigné(s) [scps_credit]
              fronde : 9 ligue(s) · 2 fronde(s) → 0 indépendance(s) · 0 RENVERSEMENT(s) · 2 écrasée(s) | défections 1 paisibles · 0 par reprise | contre-leviers : 0 don · 2 allègement · 0 division · 0 intimidation
              guerres motivées : 12 territoriale(s) · 3 économique(s) · 17 subjugation · 0 religieuse(s) · 0 anti-piraterie
              batailles : 126 livrée(s) · 24 j en moy. · 122 déroute(s) · 9 ralliement(s) · 4 décrochage(s) · 0 renfort(s) · 0 nul(s) | morts : 9300 au CHOC vs 3700 en POURSUITE
              arbre : 41% déverrouillé/empire (min 24% · max 68%) · spécialisation — 0 Savoir · 3 Forge · 5 Société
              syncrétisme : 77 nœud(s) profond(s) (gouvernance) · 48 diffusion(s) (commerce/frontière/foi) · 6/6 archétype(s) · dispersion 5–19/empire · 6 ont la COMBINAISON forge runique × arcane · 24 cristallisation(s) culturelle(s) par contact (S2)
              campagne : 0 région(s) réduite(s) par les armées de terrain · 0 en mouvement (non-invasif)
              mer : 168 coque(s) bâtie(s) · 3552 fournitures navales consommées · 43 traversée(s) (245 j/trav.) · 0 route(s) maritime(s) · 3 colonie(s) outre-mer
              course : 0 raid(s) (0 or pillés) - 0 pirate(s) (0 nid(s) en eaux mortes) - 0 bataille(s) navale(s) - 0 prise(s) - 0 j de blocus - 0 désarmement(s) - 0 guerre(s) anti-piraterie - 0 balafre(s) actives
              marine : 150 marin(s) embarqués - 0 interception(s) - 0 paquet(s) noyés
              commerce asym. : aval 0.00 vs amont 0.00 (ratio 0.0x) - vrac 0.00/0.00 - précieux 0.00/0.00 (aval/amont, 0 remontée(s) de luxe) - 0 route(s) fluviale(s), 0 maritime(s) ouverte(s)
              entrepôts : 19 estuaire(s) en carrefour (≥2 routes)
              continents : C0 1366338 or (135k hab) C1 698949 or (87k hab)
              détroits : 24 goulet(s) émergent(s) · 4 tenu(s) · 0 route(s) maritime(s) taxée(s) · péage CUMULÉ 0 or
              hégémon (A5) : 1er empire 14 rég · Stabilité plancher 89 — CRAQUÉ (sous 50 ou coup/renversement)
              directeur (F) : T fin 0.35 (pic 0.59) · 29 total — top L'Année Sans Été 13% (≤30) · 18 déstab · 11 stab · acharnement 0 (=0)
              amplitude (G2) : pic 0.46 · fin 0.34 (le monde s'est calmé) · trauma 253 j · budget 400 · 23 présage(s) · 1 mémoire(s)
              inflation (C) : IPM final 1.34 — l'or a dilué la monnaie
[scps] géologie...     ok
[scps] architecture... ok
[scps] altération...   ok
[scps] érosion hydro... ok
[scps] érosion...      ok
[scps] côtes fract...  ok
[scps] carte fantôme.. ok
[scps] fantôme négat.. ok
[scps] lissage océan... ok
[scps] continentalité...ok
[scps] climat (vent)... ok
[scps] vallées...      ok
[scps] biomes...       ok
[scps] lacs...         ok (21 visible(s) / 607 alimenté(s))
[scps] reconquête...   (marais 14% bois 37% mangrove 0%) ok
[scps] fertilité...    ok
[scps] territoires...  ok (576 terr.)
[scps] continents...   ok (3 cont.)
[scps] hiérarchie...   ok (219 rég. 141 pays ; par continent : C0=11(48%) C1=7(39%) C2=5(13%))
[scps] flags rendu...  ok
[scps] courants...     (couloirs 40% · vives 50% · mortes 6% · cabotage 1% ; glaciers 4472 cell.) ok
[scps] rades...        ok
[scps] noms prov...    ok
[scps] ressources...   ok
[scps] sites départ... ok (68 estuaires, 70 eau douce, 3 secs ; food≥0.30 : 127/141)
[scps] rivières...     ok (64 riv. ; écartées : 4664 cap · 64 courtes · 0 longues)
[peuples] joueur=Adaptatif ; héritages DÉBRAYÉS de la géo : Ésotérique×28 Métallurgiste×26 Mécaniste×22 Adaptatif×19 Agraire×23 Clanique×23
   mer : volta mesurée région 0 ⇄ 217 — aller 275 j · retour 307 j (asymétrie ×1.12)

── Sim 4 (graine 345) — 5 empires · 8 cités-états · 3 continents · 219 régions ──
              ressources (extraction, 198 rég actives) : Céréales 84(Σ1852) Bétail 26(Σ258) Laine 51(Σ939) Poisson 41(Σ619) Fourrure 23(Σ281) Sel 21(Σ171) Coton 1(Σ5) Bois 125(Σ3830) Fruits 130(Σ2548) Herbes médicinales 110(Σ2048) Cuivre 58(Σ1006) Fer 73(Σ1129) Charbon 15(Σ141) Salpêtre 2(Σ53) Or 17(Σ318) Perle 11(Σ134) Cristal arcanique 15(Σ196) Fer céleste 20(Σ132) Murex 33(Σ394) Argile 48(Σ189) Pierre 155(Σ2365)
   an  20  ÂGE : Âge du Commerce Mondial
   an  50  ÂGE : Âge des Empires
   an  50 : 17 pays | pop    76k | armée   105 | colonisées 116 prov | transf. paix 174 prov | 1er empire  7 rég | prosp 45 stab 56 |  9 révolté(s)
   an  82  ÂGE : Âge de la Raison
   an 100 : 16 pays | pop   120k | armée   113 | colonisées 154 prov | transf. paix 301 prov | 1er empire 10 rég | prosp 80 stab 85 |  1 révolté(s)
   an 114  ÂGE : Âge des Lumières
   an 143  ÂGE : Âge de la Brèche
   an 150 : 15 pays | pop   167k | armée   121 | colonisées 181 prov | transf. paix 423 prov | 1er empire 14 rég | prosp 92 stab 99 |  3 révolté(s)
   an 173  ÂGE : Âge des Soulèvements
   an 200 : 14 pays | pop   267k | armée   133 | colonisées 214 prov | transf. paix 510 prov | 1er empire 20 rég | prosp 100 stab 99 |  3 révolté(s)
   BILAN an 250 : 16 pays subsistent (2 absorbés · 0 émergés ; plancher 13) | 6 âge(s) ; 21 guerre(s) au total, pic 3 ; pic de révolte 9 (an 50)
              faustien : entropie monde 130 · conso foreuse 0 · réplicateur 0 · corne 0 · 1 empire(s) au bord de la Brèche | FER prix moy 0.8 / max 1.5 (base 2.4) · armes produites 75
              §27 FIN : GRAND HIVER (an 181) · épicentre rég 63 · fauteur pays 42 · refroidissement 34%
              1er empire « Havre Mithiela » : 23 régions (10% des terres) | Stabilité 99  Prospérité 100  Légitimité 82  Cohésion 97 — Assise Consentie
              empires vivants (5) — métriques 0-100 :
                · Havre Mithiela    23 rég · pop    62k · Stab  99 Prosp 100 Légit  82 Cohés  97 Corr   0 · 48 tech ★
                    classes : J 54.5k (88%) · B 4.1k (7%) · É 3.1k (5%) | or 525307 (+530.7/mois, dern. année) · armée 12 (4 rgt)
                    marché : hub non · 76 route(s) · import 291.1 · export 331.8 (+2292 or/an) | stocks Σ 34850 — Fruits 8377 Bois 8355 Céréales 8011 Pierre 2727
                · Havre Marnyanis   15 rég · pop    52k · Stab  99 Prosp 100 Légit  85 Cohés  97 Corr   0 · 43 tech
                    classes : J 43.8k (84%) · B 6.0k (11%) · É 2.6k (5%) | or 457935 (+150.7/mois, dern. année) · armée 11 (4 rgt)
                    marché : hub non · 95 route(s) · import 322.1 · export 323.2 (+2661 or/an) | stocks Σ 29314 — Fruits 6342 Céréales 6055 Bois 5812 Poisson 4233
                · Couronne Aerwenka  12 rég · pop    51k · Stab 100 Prosp 100 Légit  87 Cohés  98 Corr   0 · 45 tech
                    classes : J 44.8k (87%) · B 3.0k (6%) · É 3.5k (7%) | or 329606 (+236.2/mois, dern. année) · armée 11 (4 rgt)
                    marché : hub non · 36 route(s) · import 112.3 · export 123.4 (+763 or/an) | stocks Σ 19924 — Céréales 4601 Fruits 4384 Poisson 4109 Bois 1377
                · Clans Cogexyn     12 rég · pop    49k · Stab  99 Prosp 100 Légit  67 Cohés  97 Corr   0 · 46 tech
                    classes : J 39.7k (81%) · B 7.2k (15%) · É 2.3k (5%) | or 361842 (+165.2/mois, dern. année) · armée 9 (0 rgt)
                    marché : hub non · 41 route(s) · import 145.0 · export 108.4 (+514 or/an) | stocks Σ 26831 — Fruits 4481 Céréales 4196 Poisson 3741 Laine 3551
                · Couronne Falwick   6 rég · pop    43k · Stab 100 Prosp 100 Légit  90 Cohés  99 Corr   0 · 45 tech
                    classes : J 38.0k (88%) · B 1.9k (5%) · É 3.1k (7%) | or 213291 (+142.8/mois, dern. année) · armée 9 (0 rgt)
                    marché : hub non · 25 route(s) · import 86.9 · export 83.7 (+437 or/an) | stocks Σ 12230 — Céréales 2629 Fruits 2380 Bétail 2210 Poisson 1873
              vivier cités-états : 8 disponibles / 8 au départ (0 absorbées)
              hubs : 0% du commerce mondial passe par les Centres des cités-états (0 / 0)
              population : 374k au total ; par continent : C0 195k C1 108k C2 71k
              diplomatie : 4 pacte(s) d'alliance actif(s)
              satisfaction (pop-pondérée, AVEC distribution) : Laborer 81% · Bourgeois 81% · Élite 83% | commerce inter-pays/an 9689
              classes (E0.7, départ 80/15/5) : Laborer 85% · Bourgeois 9% · Élite 6% | friche (E1bis.10) : 4 rég impayée(s)
              manufactures : 32×Manufacture textile 24×Scierie navale 28×Papeterie 13×Distillerie 26×Brasserie 31×Joaillerie 18×Atelier d'étoffe précieuse 3×Atelier de mage 1×Forge céleste 39×Atelier d'outillage 3×Armurerie légère 3×Poudrière 16×Apothicaire 36×Atelier de tunique 24×Charbonnière 2×Alambic 1×Armurerie lourde 5×Atelier d'arc 3×Arquebuserie 56×Poterie 21×Atelier de sculpture
              expansion : 252 prov colonisées · 618 prov TRANSFÉRÉES à la paix · armée finale 152
              accession (1er édifice bâti) : 360 j an 2 · 540 j an -1 · 960 j an -1  (-1 = jamais)
              spéculation (E3) : 1 entrepôt(s) · vol 0 (0.0/an) · or net +0 · 0 achat(s)/0 vente(s) | σ prix avant 0.336 (187 ans) → après 0.031 (63 ans)
              lissage CENTRES (même époque, même classe) : σ centres À entrepôt 0.000 vs centres SANS 0.000
              ── par âge (instantané à l'avènement) ──
                an  20 Âge du Commerce Mondial | pays 18 · pop    53k · or Σ  139923 · PIB   3637 · tech  14
                       marché : grain 1.34 · étoffe 11.28 · orfèvr. 4.84 · outils 38.18 | or/empire : Havre Mithiela 27823(5r) Couronne Falwick 18893(3r) Clans Cogexyn 21108(3r)
                an  50 Âge des Empires         | pays 17 · pop    76k · or Σ  254332 · PIB   6876 · tech  43
                       marché : grain 1.13 · étoffe 9.18 · orfèvr. 70.39 · outils 36.17 | or/empire : Havre Mithiela 53855(7r) Clans Cogexyn 38801(6r) Couronne Falwick 33430(5r)
                an  82 Âge de la Raison        | pays 16 · pop   103k · or Σ  423010 · PIB  11859 · tech  79
                       marché : grain 1.01 · étoffe 13.44 · orfèvr. 80.62 · outils 32.56 | or/empire : Havre Mithiela 81212(8r) Havre Marnyanis 31792(7r) Couronne Falwick 80509(6r)
                an 114 Âge des Lumières       | pays 16 · pop   146k · or Σ  690194 · PIB  20674 · tech 139
                       marché : grain 0.95 · étoffe 10.79 · orfèvr. 99.90 · outils 27.39 | or/empire : Havre Mithiela 87779(10r) Havre Marnyanis 72057(8r) Clans Cogexyn 97912(8r)
                an 143 Âge de la Brèche       | pays 15 · pop   166k · or Σ  880707 · PIB  23132 · tech 197
                       marché : grain 0.89 · étoffe 10.34 · orfèvr. 86.86 · outils 20.41 | or/empire : Havre Mithiela 159115(14r) Havre Marnyanis 150958(10r) Clans Cogexyn 126986(8r)
                an 173 Âge des Soulèvements   | pays 15 · pop   204k · or Σ 1154154 · PIB  30345 · tech 260
                       marché : grain 0.84 · étoffe 9.83 · orfèvr. 74.29 · outils 19.03 | or/empire : Havre Mithiela 210707(19r) Havre Marnyanis 190680(11r) Clans Cogexyn 163371(8r)
              révoltes : 3 en révolution (Légit moy 5.9 · capacité K 2.8 · stab.int SI 2.4) vs 13 stables (Légit 5.6 · K 9.8 · SI 9.7)
              soulèvements : 134 allumés → 0 sécession(s) · 12 coup(s) · 8 concession(s) · 114 écrasé(s) (4828 morts au combat)
              corruption : 0 polity(s) capturée(s) (corr≥30) · la plus pourrie « Ordre Grukrakor » corr 5 — tenue par les Gardiens
              recherche : 435 nœuds déverrouillés (dont 27 faustiens) · 53 relocalisation(s) pour combler une pénurie (peupler sa province-ressource)
              prévision : 5/13 pays en déficit vivrier STRUCTUREL (ne se nourrit pas à plein → import vital) · 1 sous tension de runway (< 12 ans)
              métabolisation : 0/13 empire(s) creuset (>1% digéré) · moyenne 0.0% · max 0.0% → +0.0% recherche au plus métabolisé
              combos tier-4 : 9 empire(s) tiennent une fusion d'héritages · 20 combo(s) au total
              remise diffusion : 58 tech(s) escomptée(s) (−5%+) · remise max −40%
              leviers : 296 matage(s) · 0 formation(s) · 0 purge(s) (0 morts) | suzeraineté : 0 servage · 8 protectorat · 0 concordat · 0 cité · 0 défection(s) · 1 annexion(s) par digestion
              dette : 0 débiteur(s) (or net < 0) · 0 créancier(s) assigné(s) [scps_credit]
              fronde : 5 ligue(s) · 1 fronde(s) → 1 indépendance(s) · 0 RENVERSEMENT(s) · 0 écrasée(s) | défections 0 paisibles · 0 par reprise | contre-leviers : 0 don · 0 allègement · 0 division · 0 intimidation
              guerres motivées : 14 territoriale(s) · 7 économique(s) · 9 subjugation · 3 religieuse(s) · 0 anti-piraterie
              batailles : 30 livrée(s) · 22 j en moy. · 29 déroute(s) · 2 ralliement(s) · 1 décrochage(s) · 0 renfort(s) · 0 nul(s) | morts : 1100 au CHOC vs 100 en POURSUITE
              arbre : 52% déverrouillé/empire (min 29% · max 72%) · spécialisation — 0 Savoir · 2 Forge · 11 Société
              syncrétisme : 180 nœud(s) profond(s) (gouvernance) · 97 diffusion(s) (commerce/frontière/foi) · 6/6 archétype(s) · dispersion 7–22/empire · 9 ont la COMBINAISON forge runique × arcane · 66 cristallisation(s) culturelle(s) par contact (S2)
              campagne : 4 région(s) réduite(s) par les armées de terrain · 0 en mouvement (non-invasif)
              mer : 496 coque(s) bâtie(s) · 9941 fournitures navales consommées · 23 traversée(s) (186 j/trav.) · 1 route(s) maritime(s) · 4 colonie(s) outre-mer
              course : 0 raid(s) (0 or pillés) - 0 pirate(s) (0 nid(s) en eaux mortes) - 0 bataille(s) navale(s) - 0 prise(s) - 0 j de blocus - 0 désarmement(s) - 0 guerre(s) anti-piraterie - 0 balafre(s) actives
              marine : 300 marin(s) embarqués - 0 interception(s) - 0 paquet(s) noyés
              commerce asym. : aval 19.54 vs amont 3.98 (ratio 4.9x) - vrac 9.85/0.77 - précieux 0.00/0.00 (aval/amont, 1 remontée(s) de luxe) - 2 route(s) fluviale(s), 1 maritime(s) ouverte(s)
              entrepôts : 28 estuaire(s) en carrefour (≥2 routes)
              continents : C0 1443097 or (195k hab) C1 819515 or (108k hab) C2 375642 or (71k hab)
              détroits : 24 goulet(s) émergent(s) · 4 tenu(s) · 0 route(s) maritime(s) taxée(s) · péage CUMULÉ 0 or
              hégémon (A5) : 1er empire 24 rég · Stabilité plancher 90 — CRAQUÉ (sous 50 ou coup/renversement)
              directeur (F) : T fin 0.45 (pic 0.60) · 43 total — top La Peste Fluviale 11% (≤30) · 29 déstab · 14 stab · acharnement 0 (=0)
              amplitude (G2) : pic 0.46 · fin 0.39 · trauma 325 j · budget 400 · 22 présage(s) · 0 mémoire(s)
              inflation (C) : IPM final 1.34 — l'or a dilué la monnaie
[scps] géologie...     ok
[scps] architecture... ok
[scps] altération...   ok
[scps] érosion hydro... ok
[scps] érosion...      ok
[scps] côtes fract...  ok
[scps] carte fantôme.. ok
[scps] fantôme négat.. ok
[scps] lissage océan... ok
[scps] continentalité...ok
[scps] climat (vent)... ok
[scps] vallées...      ok
[scps] biomes...       ok
[scps] lacs...         ok (10 visible(s) / 529 alimenté(s))
[scps] reconquête...   (marais 16% bois 34% mangrove 0%) ok
[scps] fertilité...    ok
[scps] territoires...  ok (607 terr.)
[scps] continents...   ok (2 cont.)
[scps] hiérarchie...   ok (232 rég. 142 pays ; par continent : C0=17(62%) C1=10(38%))
[scps] flags rendu...  ok
[scps] courants...     (couloirs 41% · vives 50% · mortes 6% · cabotage 1% ; glaciers 7197 cell.) ok
[scps] rades...        ok
[scps] noms prov...    ok
[scps] ressources...   ok
[scps] sites départ... ok (60 estuaires, 82 eau douce, 0 secs ; food≥0.30 : 138/142)
[scps] rivières...     ok (64 riv. ; écartées : 4010 cap · 68 courtes · 0 longues)
[peuples] joueur=Adaptatif ; héritages DÉBRAYÉS de la géo : Ésotérique×23 Métallurgiste×28 Mécaniste×22 Adaptatif×26 Agraire×24 Clanique×19
   mer : volta mesurée région 1 ⇄ 229 — aller 192 j · retour 204 j (asymétrie ×1.06)

── Sim 5 (graine 446) — 6 empires · 9 cités-états · 2 continents · 232 régions ──
              ressources (extraction, 216 rég actives) : Céréales 121(Σ2492) Bétail 55(Σ948) Laine 36(Σ481) Poisson 55(Σ747) Fourrure 7(Σ62) Sel 41(Σ431) Coton 13(Σ309) Sucre 2(Σ31) Bois 124(Σ3346) Fruits 128(Σ2233) Herbes médicinales 111(Σ1770) Cuivre 38(Σ468) Fer 50(Σ752) Charbon 18(Σ169) Soufre 1(Σ27) Salpêtre 14(Σ237) Or 19(Σ205) Perle 12(Σ112) Cristal arcanique 16(Σ90) Fer céleste 17(Σ112) Murex 40(Σ547) Indigo 5(Σ68) Argile 60(Σ249) Pierre 126(Σ1511)
   an  20  ÂGE : Âge du Commerce Mondial
   an  50  ÂGE : Âge des Empires
   an  50 : 22 pays | pop   101k | armée   141 | colonisées 111 prov | transf. paix 248 prov | 1er empire  5 rég | prosp 17 stab 34 |  7 révolté(s)
   an 100 : 21 pays | pop   166k | armée   169 | colonisées 140 prov | transf. paix 449 prov | 1er empire  9 rég | prosp 47 stab 64 |  3 révolté(s)
   an 109  ÂGE : Âge de la Raison
   an 138  ÂGE : Âge des Lumières
   an 150 : 16 pays | pop   214k | armée   216 | colonisées 184 prov | transf. paix 504 prov | 1er empire 18 rég | prosp 84 stab 85 |  1 révolté(s)
   an 168  ÂGE : Âge de la Brèche
   an 200 : 16 pays | pop   221k | armée   215 | colonisées 215 prov | transf. paix 504 prov | 1er empire 23 rég | prosp 93 stab 95 |  1 révolté(s)
   BILAN an 250 : 16 pays subsistent (7 absorbés · 0 émergés ; plancher 16) | 5 âge(s) ; 17 guerre(s) au total, pic 4 ; pic de révolte 8 (an 35)
              faustien : entropie monde 121 · conso foreuse 0 · réplicateur 0 · corne 0 · 1 empire(s) au bord de la Brèche | FER prix moy 1.3 / max 3.2 (base 2.4) · armes produites 63
              §27 FIN : GRAND HIVER (an 180) · épicentre rég 178 · fauteur pays 110 · refroidissement 35%
              1er empire « Horde Nimynka » : 31 régions (13% des terres) | Stabilité 99  Prospérité 100  Légitimité 39  Cohésion 92 — Assise Tyrannique
              empires vivants (6) — métriques 0-100 :
                · Horde Nimynka     31 rég · pop    92k · Stab  99 Prosp 100 Légit  39 Cohés  92 Corr   0 · 59 tech ★
                    classes : J 78.5k (85%) · B 7.7k (8%) · É 5.6k (6%) | or 772748 (+866.7/mois, dern. année) · armée 101 (0 rgt)
                    marché : hub non · 75 route(s) · import 61.7 · export 416.5 (+2096 or/an) | stocks Σ 63200 — Céréales 12078 Poisson 11929 Bétail 11900 Fruits 11900
                · Clans Mithdor     20 rég · pop    43k · Stab  99 Prosp 100 Légit  69 Cohés  99 Corr   0 · 40 tech
                    classes : J 37.5k (87%) · B 3.8k (9%) · É 2.0k (5%) | or 293279 (+244.0/mois, dern. année) · armée 10 (4 rgt)
                    marché : hub non · 55 route(s) · import 79.3 · export 279.5 (+1303 or/an) | stocks Σ 33349 — Fruits 7820 Céréales 7399 Bétail 6074 Bois 4934
                · Havre Aeriel      13 rég · pop    46k · Stab  97 Prosp 100 Légit  79 Cohés  97 Corr   0 · 47 tech
                    classes : J 40.3k (87%) · B 3.8k (8%) · É 2.2k (5%) | or 471492 (+346.3/mois, dern. année) · armée 9 (0 rgt)
                    marché : hub non · 96 route(s) · import 439.2 · export 221.3 (+1977 or/an) | stocks Σ 27893 — Bétail 5762 Fruits 5592 Céréales 5338 Poisson 4897
                · Havre Aldwicor     8 rég · pop    26k · Stab  98 Prosp 100 Légit  74 Cohés  95 Corr   0 · 34 tech
                    classes : J 23.4k (90%) · B 1.8k (7%) · É 0.9k (3%) | or 185017 (+101.4/mois, dern. année) · armée 8 (4 rgt)
                    marché : hub non · 97 route(s) · import 401.4 · export 142.2 (+1558 or/an) | stocks Σ 12218 — Céréales 3000 Fruits 2829 Poisson 2738 Bois 1324
                · Couronne Marnredor   1 rég · pop    12k · Stab  93 Prosp 100 Légit  73 Cohés 100 Corr   0 · 26 tech
                    classes : J 10.5k (90%) · B 0.3k (3%) · É 0.8k (7%) | or 46607 (+18.7/mois, dern. année) · armée 4 (0 rgt)
                    marché : hub non · 4 route(s) · import 21.0 · export 5.3 (+40 or/an) | stocks Σ 2928 — Poisson 800 Bois 521 Outils 431 Céréales 333
                · Ordre Khazgan      1 rég · pop     3k · Stab  82 Prosp  68 Légit  80 Cohés 100 Corr   0 · 18 tech
                    classes : J 2.6k (99%) · B 0.0k (0%) · É 0.0k (1%) | or 7926 (-3.2/mois, dern. année) · armée 2 (0 rgt)
                    marché : hub non · 3 route(s) · import 9.7 · export 3.3 (+25 or/an) | stocks Σ 285 — Céréales 147 Or 50 Papier 25 Cuivre 17
              vivier cités-états : 9 disponibles / 9 au départ (0 absorbées)
              hubs : 0% du commerce mondial passe par les Centres des cités-états (0 / 0)
              population : 307k au total ; par continent : C0 210k C1 97k
              diplomatie : 5 pacte(s) d'alliance actif(s)
              satisfaction (pop-pondérée, AVEC distribution) : Laborer 82% · Bourgeois 85% · Élite 86% | commerce inter-pays/an 8341
              classes (E0.7, départ 80/15/5) : Laborer 87% · Bourgeois 8% · Élite 5% | friche (E1bis.10) : 2 rég impayée(s)
              manufactures : 19×Manufacture textile 19×Scierie navale 26×Papeterie 13×Distillerie 26×Brasserie 34×Joaillerie 5×Atelier d'étoffe précieuse 36×Atelier d'outillage 3×Armurerie légère 3×Poudrière 20×Apothicaire 24×Atelier de tunique 19×Charbonnière 2×Alambic 8×Armurerie lourde 2×Atelier d'arc 3×Arquebuserie 58×Poterie 22×Atelier de sculpture
              expansion : 256 prov colonisées · 504 prov TRANSFÉRÉES à la paix · armée finale 238
              accession (1er édifice bâti) : 360 j an -1 · 540 j an -1 · 960 j an -1  (-1 = jamais)
              spéculation (E3) : 1 entrepôt(s) · vol 0 (0.0/an) · or net +0 · 0 achat(s)/0 vente(s) | σ prix avant 0.221 (197 ans) → après 0.145 (53 ans)
              lissage CENTRES (même époque, même classe) : σ centres À entrepôt 0.000 vs centres SANS 0.000
              ── par âge (instantané à l'avènement) ──
                an  20 Âge du Commerce Mondial | pays 22 · pop    65k · or Σ  162080 · PIB   4653 · tech  17
                       marché : grain 1.42 · étoffe 10.65 · orfèvr. 34.49 · outils 50.31 | or/empire : Clans Mithdor 16522(2r) Havre Aeriel 22184(2r) Horde Nimynka 13862(2r)
                an  50 Âge des Empires         | pays 22 · pop   101k · or Σ  325101 · PIB  10467 · tech  54
                       marché : grain 1.16 · étoffe 11.00 · orfèvr. 52.40 · outils 46.37 | or/empire : Clans Mithdor 42813(5r) Horde Nimynka 65027(5r) Havre Aeriel 54511(4r)
                an 109 Âge de la Raison        | pays 20 · pop   183k · or Σ  809299 · PIB  24012 · tech 141
                       marché : grain 1.02 · étoffe 13.74 · orfèvr. 91.41 · outils 46.64 | or/empire : Horde Nimynka 183999(10r) Havre Aeriel 156923(8r) Clans Mithdor 94317(7r)
                an 138 Âge des Lumières       | pays 16 · pop   205k · or Σ 1121252 · PIB  29560 · tech 206
                       marché : grain 0.89 · étoffe 10.16 · orfèvr. 99.62 · outils 39.57 | or/empire : Horde Nimynka 337248(17r) Clans Mithdor 141951(12r) Havre Aeriel 211311(9r)
                an 168 Âge de la Brèche       | pays 16 · pop   242k · or Σ 1286116 · PIB  36687 · tech 261
                       marché : grain 0.83 · étoffe 10.24 · orfèvr. 77.99 · outils 40.68 | or/empire : Horde Nimynka 433755(19r) Clans Mithdor 175784(13r) Havre Aeriel 252299(12r)
              révoltes : 0 en révolution (Légit moy 0.0 · capacité K 0.0 · stab.int SI 0.0) vs 16 stables (Légit 5.2 · K 9.1 · SI 9.5)
              soulèvements : 169 allumés → 0 sécession(s) · 0 coup(s) · 10 concession(s) · 159 écrasé(s) (5682 morts au combat)
              corruption : 0 polity(s) capturée(s) (corr≥30) · la plus pourrie « Ordre Thaldoryn » corr 9 — tenue par les Gardiens
              recherche : 438 nœuds déverrouillés (dont 24 faustiens) · 95 relocalisation(s) pour combler une pénurie (peupler sa province-ressource)
              prévision : 8/15 pays en déficit vivrier STRUCTUREL (ne se nourrit pas à plein → import vital) · 2 sous tension de runway (< 12 ans)
              métabolisation : 0/15 empire(s) creuset (>1% digéré) · moyenne 0.0% · max 0.0% → +0.0% recherche au plus métabolisé
              combos tier-4 : 9 empire(s) tiennent une fusion d'héritages · 24 combo(s) au total
              remise diffusion : 65 tech(s) escomptée(s) (−5%+) · remise max −40%
              leviers : 358 matage(s) · 0 formation(s) · 0 purge(s) (0 morts) | suzeraineté : 2 servage · 14 protectorat · 15 concordat · 0 cité · 1 défection(s) · 6 annexion(s) par digestion
              dette : 0 débiteur(s) (or net < 0) · 0 créancier(s) assigné(s) [scps_credit]
              fronde : 11 ligue(s) · 1 fronde(s) → 0 indépendance(s) · 1 RENVERSEMENT(s) · 0 écrasée(s) | défections 7 paisibles · 0 par reprise | contre-leviers : 0 don · 0 allègement · 0 division · 17 intimidation
              guerres motivées : 14 territoriale(s) · 0 économique(s) · 0 subjugation · 1 religieuse(s) · 0 anti-piraterie
              batailles : 0 livrée(s) · 0 j en moy. · 0 déroute(s) · 0 ralliement(s) · 0 décrochage(s) · 0 renfort(s) · 0 nul(s) | morts : 0 au CHOC vs 0 en POURSUITE
              arbre : 47% déverrouillé/empire (min 32% · max 87%) · spécialisation — 0 Savoir · 3 Forge · 12 Société
              syncrétisme : 178 nœud(s) profond(s) (gouvernance) · 112 diffusion(s) (commerce/frontière/foi) · 6/6 archétype(s) · dispersion 6–30/empire · 9 ont la COMBINAISON forge runique × arcane · 40 cristallisation(s) culturelle(s) par contact (S2)
              campagne : 2 région(s) réduite(s) par les armées de terrain · 0 en mouvement (non-invasif)
              mer : 0 coque(s) bâtie(s) · 0 fournitures navales consommées · 0 traversée(s) (0 j/trav.) · 0 route(s) maritime(s) · 3 colonie(s) outre-mer
              course : 0 raid(s) (0 or pillés) - 0 pirate(s) (0 nid(s) en eaux mortes) - 0 bataille(s) navale(s) - 0 prise(s) - 0 j de blocus - 0 désarmement(s) - 0 guerre(s) anti-piraterie - 0 balafre(s) actives
              marine : 0 marin(s) embarqués - 0 interception(s) - 0 paquet(s) noyés
              commerce asym. : aval 0.00 vs amont 0.00 (ratio 0.0x) - vrac 0.00/0.00 - précieux 0.00/0.00 (aval/amont, 0 remontée(s) de luxe) - 0 route(s) fluviale(s), 0 maritime(s) ouverte(s)
              entrepôts : 40 estuaire(s) en carrefour (≥2 routes)
              continents : C0 1542561 or (210k hab) C1 537334 or (97k hab)
              détroits : 24 goulet(s) émergent(s) · 7 tenu(s) · 0 route(s) maritime(s) taxée(s) · péage CUMULÉ 0 or
              hégémon (A5) : 1er empire 31 rég · Stabilité plancher 98 — CRAQUÉ (sous 50 ou coup/renversement)
              directeur (F) : T fin 0.13 (pic 0.52) · 39 total — top La Peste Fluviale 20% (≤30) · 29 déstab · 10 stab · acharnement 0 (=0)
              amplitude (G2) : pic 0.43 · fin 0.16 (le monde s'est calmé) · trauma 96 j · budget 400 · 19 présage(s) · 16 mémoire(s)
              inflation (C) : IPM final 1.34 — l'or a dilué la monnaie

══════════════════════════════════════════════════════════════════════
 SYNTHÈSE (5 sims × 250 ans)
   âges éveillés (total) ....... 25   (moy. 5.0/sim)
   guerres déclenchées (total) . 109   (moy. 21.8/sim)
   alliances actives (fin de sim) 15   (moy. 3.0/sim ; la diplomatie respire)
   satisfaction moy (AVEC distribution) : Laborer 81% · Bourgeois 85% · Élite 83% | commerce/an moy 4712
   par empire (fin de sim) ..... trésor moy 308500 or · flux moy +220.4 or/mois (dern. année) · import moy 127.4 · export moy 137.1 (+940 or/an) · hub tenu 0/17
   flux décomposé (I0, dern. année · or/mois/empire) : taxes +3203.7 export +30.2 péages+ +3.0 entretien -23.3 cour -668.3 admin -6.4 encadr. -119.3 soldes -1.6 marine +0.0 audits +0.0 péages− +0.0 invest. +0.0 conseil -15.4 import -33.2
   accession (E1 §9) ........... 360 j an 2.0 (4/5) · 540 j an 151.0 (1/5) · 960 j an 186.0 (1/5)  (moy. du 1er bâti)
   l'IA stockeuse (E3 §16) ..... 3 entrepôt(s) · vol spéculé 0 (0.0/sim) · or net +0 | σ prix avant 0.247 → après 0.084 (les stocks doivent LISSER)
   lissage CENTRES (E3 §16) .... σ centres À entrepôt 0.000 vs centres SANS 0.000 (même époque, même classe — la mesure causale)
   hubs des cités-états ........ 0% du commerce mondial passe par leurs Centres (les premiers hubs vivants)
   provinces transférées à la paix 1825   (moy. 365.0/sim ; la propriété ne change qu'au RÈGLEMENT)
   occupations (terrain) ....... 118 posée(s) · 2 levée(s)   (les sièges tiennent le sol entre deux paix)
   pays absorbés (morts) ....... 15   (moy. 3.0/sim)
   pays émergés (sécession) .... 0   (moy. 0.0/sim ; la carte politique respire)
   hameaux libres (WILD) ....... 3.6 semés/sim · 256 ralliés culturellement (51.2/sim · pop moy. 2845) ; l'absorption MILITAIRE passe par la conquête
   nœuds de tech débloqués ..... 1646   (moy. 329.2/sim ; 95 faustiens)
   arbre déverrouillé / empire . 47%   (le coût force les choix : cible < 100 % → spécialisation)
   relocalisations (pénurie) ... 257   (moy. 51.4/sim ; l'IA peuple ses provinces-ressource sous-exploitées)
   leviers intérieurs .......... 1502 matage(s) · 0 formation(s) · 0 purge(s) (0 morts — RARE attendu)
   suzeraineté ................. 7 servage · 43 protectorat · 16 concordat · 0 cité · 8 défection(s) · 8 annexion(s) par digestion (étage 3)
   guerres motivées ............ 74 territoriale(s) · 15 économique(s) · 41 subjugation · 6 religieuse(s) · 0 anti-piraterie (le casus belli DIT le pourquoi)
   fronde vassale .............. 30 ligue(s) · 5 fronde(s) → 1 indép. · 1 renversement(s) · 2 écrasée(s)  (les TROIS fins doivent exister)
   batailles dans le temps ..... 566 livrées · 24 j/bataille · 551 déroutes · 22 ralliement(s) · 15 décrochages · 0 renforts · 0 nuls | morts choc 20300 vs POURSUITE 20300 (ratio 1.0x — la poursuite doit DOMINER le choc si la cavalerie domine la compo)
   syncrétisme culturel ........ 125.2 nœud(s)/sim · 5.8 archétype(s) distincts/sim (porte = CULTURE, plus heritage ; la diffusion par contact DIVERGE)
   religion .................... 0.4 foi(s) fondée(s)/sim · 0.0 schisme(s)/sim · 0.4 pays fidèle(s)/sim · 0.0 région(s) minoritaire(s)/sim (monde ATHÉE au départ ; racines ≤ ⌈empires/3⌉ genèse · ≤ 2 schismes/racine)
   régions réduites (campagne) . 19   (moy. 3.8/sim ; armées de terrain, hors conquête abstraite)
   la mer ...................... 741 coque(s) · 16041 fournitures consommées (NE doit plus être zéro) · 151 traversée(s) (134 j moy.) · 1 route(s) maritime(s) · 12 colonie(s) outre-mer
   détroits (WG) ............... 22.6 goulet(s)/sim · 4.8 tenu(s)/sim · 0 route(s) taxée(s) · péage CUMULÉ moy. 0 or/sim · 0/5 sim(s) avec péage ENCAISSÉ (le verrou rapporte à qui le tient)
   la course ................... 0 raid(s) (0 or) · 0 bataille(s) navale(s) · 0 prise(s) · 0 désarmement(s) · 0 guerre(s) anti-piraterie · 0 balafre(s) en fin de sim
   l'interception .............. 0 convoi(s) coulé(s) · 0 paquet(s) noyés (le transport sans escorte est une PROIE)
   pic de révolte moyen ........ 6.4 pays
   soulèvements incarnés ....... 505 allumés → 0 sécession(s) · 39 coup(s) · 34 concession(s) · 431 écrasé(s)
   corruption (le prix des concessions) : 0/5 sims avec ≥1 polity capturée · 0.0 capturée(s)/sim · pire-corr moy 6/100
   morts au combat (révoltes) .. 17329   (moy. 3466/sim)
   sims atteignant les Soulèvements : 2/5   l'Ordre de Fer : 0/5
   hégémon MORTEL (A5) .......... 5/5 sims où un empire ≥10 rég est passé sous Stab 50 OU a subi coup/renversement · Stab plancher moy 71 (la fragilité A1 mord)
   directeur (F) ............... 103 déstabilisateur(s) · 60 stabilisateur(s) (20.6/12.0 par sim) · acharnement 0 (DOIT être 0)
      par événement : La Mort du Charismatique×12 La Peste Fluviale×19 Les Enfants du Palais×14 Le Filon×13 L'Année Sans Été×25 Le Schisme dirigé×7 La Débase×13 Le Congrès×14 La Réformatrice×14 Le Cadastre×4 La Décennie des Moissons×14 La Paix du Marchand×13 Le Héros Culturel×1
      G0.1 preuves : top ≤30% dans 4/5 sims (pire 50%) · stabilisateur-si-T>0.5 dans 5/5
   directeur-amplitude (G2) .... pic moy 0.44 · fin moy 0.26 (le monde se calme) · 93 présage(s) (18.6/sim) · l'amplitude a VIBRÉ dans 5/5 sims [courbe : SCPS_AMPLDIAG]
   inflation (C) ............... IPM final moyen 1.34 · pic 1.34 (1.00 = neutre ; SCPS_IPM=0 le retire)
══════════════════════════════════════════════════════════════════════
RC=0 DUREE=49s
